0 info it worked if it ends with ok
1 verbose cli [ '/home/michieljoris/bin/node',
1 verbose cli   '/home/michieljoris/bin/npm',
1 verbose cli   'shrinkwrap' ]
2 info using npm@1.4.9
3 info using node@v0.10.28
4 verbose node symlink /home/michieljoris/bin/node
5 error Error: Problems were encountered
5 error Please correct and try again.
5 error extraneous: sjcl@1.0.1 /media/212gig/mysrc/javascript/cape/node_modules/sjcl
5 error extraneous: easy-pbkdf2@0.1.1 /media/212gig/mysrc/javascript/cape/node_modules/easy-pbkdf2
5 error     at shrinkwrap_ (/media/212gig/opt/node-v0.10.28-linux-x64/lib/node_modules/npm/lib/shrinkwrap.js:30:15)
5 error     at /media/212gig/opt/node-v0.10.28-linux-x64/lib/node_modules/npm/lib/shrinkwrap.js:24:5
5 error     at /media/212gig/opt/node-v0.10.28-linux-x64/lib/node_modules/npm/lib/ls.js:44:30
5 error     at /media/212gig/opt/node-v0.10.28-linux-x64/lib/node_modules/npm/node_modules/read-installed/read-installed.js:130:5
5 error     at /media/212gig/opt/node-v0.10.28-linux-x64/lib/node_modules/npm/node_modules/read-installed/read-installed.js:258:14
5 error     at cb (/media/212gig/opt/node-v0.10.28-linux-x64/lib/node_modules/npm/node_modules/slide/lib/async-map.js:48:11)
5 error     at /media/212gig/opt/node-v0.10.28-linux-x64/lib/node_modules/npm/node_modules/read-installed/read-installed.js:258:14
5 error     at cb (/media/212gig/opt/node-v0.10.28-linux-x64/lib/node_modules/npm/node_modules/slide/lib/async-map.js:48:11)
5 error     at /media/212gig/opt/node-v0.10.28-linux-x64/lib/node_modules/npm/node_modules/read-installed/read-installed.js:258:14
5 error     at cb (/media/212gig/opt/node-v0.10.28-linux-x64/lib/node_modules/npm/node_modules/slide/lib/async-map.js:48:11)
6 error If you need help, you may report this *entire* log,
6 error including the npm and node versions, at:
6 error     <http://github.com/npm/npm/issues>
7 error System Linux 3.11.0-12-generic
8 error command "/home/michieljoris/bin/node" "/home/michieljoris/bin/npm" "shrinkwrap"
9 error cwd /media/212gig/mysrc/javascript/cape/backend
10 error node -v v0.10.28
11 error npm -v 1.4.9
12 verbose exit [ 1, true ]
